<?xml version="1.0" encoding="UTF-8"?>
<testng-results ignored="0" total="13" passed="12" failed="1" skipped="0">
  <reporter-output>
  </reporter-output>
  <suite started-at="2025-04-07T17:51:25 IST" name="Surefire suite" finished-at="2025-04-07T17:53:12 IST" duration-ms="106245">
    <groups>
      <group name="cucumber">
        <method signature="AbstractTestNGCucumberTests.runScenario(io.cucumber.testng.PickleWrapper,io.cucumber.testng.FeatureWrapper)[pri:0, instance:parallel.ParallelTestRunner2@2d7275fc]" name="runScenario" class="io.cucumber.testng.AbstractTestNGCucumberTests"/>
      </group> <!-- cucumber -->
    </groups>
    <test started-at="2025-04-07T17:51:25 IST" name="Surefire test" finished-at="2025-04-07T17:53:12 IST" duration-ms="106245">
      <class name="parallel.ParallelTestRunner2">
        <test-method is-config="true" signature="setUpClass(org.testng.ITestContext)[pri:0, instance:parallel.ParallelTestRunner2@2d7275fc]" started-at="2025-04-07T17:51:25 IST" name="setUpClass" finished-at="2025-04-07T17:51:27 IST" duration-ms="1287" status="PASS">
          <params>
            <param index="0">
              <value>
                <![CDATA[org.testng.TestRunner@1dac5ef]]>
              </value>
            </param>
          </params>
          <reporter-output>
          </reporter-output>
        </test-method> <!-- setUpClass -->
        <test-method signature="runScenario(io.cucumber.testng.PickleWrapper,io.cucumber.testng.FeatureWrapper)[pri:0, instance:parallel.ParallelTestRunner2@2d7275fc]" started-at="2025-04-07T17:51:27 IST" name="runScenario" description="Runs Cucumber Scenarios" data-provider="scenarios" finished-at="2025-04-07T17:52:30 IST" duration-ms="63616" status="PASS">
          <params>
            <param index="0">
              <value>
                <![CDATA["Verify that title of Forgot Password page is "Forgot Your Password?""]]>
              </value>
            </param>
            <param index="1">
              <value>
                <![CDATA["Forgot Password"]]>
              </value>
            </param>
          </params>
          <reporter-output>
          </reporter-output>
        </test-method> <!-- runScenario -->
        <test-method signature="runScenario(io.cucumber.testng.PickleWrapper,io.cucumber.testng.FeatureWrapper)[pri:0, instance:parallel.ParallelTestRunner2@2d7275fc]" started-at="2025-04-07T17:51:27 IST" name="runScenario" description="Runs Cucumber Scenarios" data-provider="scenarios" finished-at="2025-04-07T17:52:31 IST" duration-ms="63805" status="PASS">
          <params>
            <param index="0">
              <value>
                <![CDATA["Verify that "Please enter a valid email address (Ex: johndoe@domain.com)." error message is displayed under Email textbox provided user enters Invalid email address in email textbox and clicks on Reset My Password button"]]>
              </value>
            </param>
            <param index="1">
              <value>
                <![CDATA["Forgot Password"]]>
              </value>
            </param>
          </params>
          <reporter-output>
          </reporter-output>
        </test-method> <!-- runScenario -->
        <test-method signature="runScenario(io.cucumber.testng.PickleWrapper,io.cucumber.testng.FeatureWrapper)[pri:0, instance:parallel.ParallelTestRunner2@2d7275fc]" started-at="2025-04-07T17:51:27 IST" name="runScenario" description="Runs Cucumber Scenarios" data-provider="scenarios" finished-at="2025-04-07T17:52:27 IST" duration-ms="60608" status="PASS">
          <params>
            <param index="0">
              <value>
                <![CDATA["Verify that user gets below mentioned labels/Fields on "Forgot Password' webpage Labels,"Forgot Password" button,"Please enter your email address below to receive a password reset link.", "Email" ( with *) and "Reset my Password" button"]]>
              </value>
            </param>
            <param index="1">
              <value>
                <![CDATA["Forgot Password"]]>
              </value>
            </param>
          </params>
          <reporter-output>
          </reporter-output>
        </test-method> <!-- runScenario -->
        <test-method signature="runScenario(io.cucumber.testng.PickleWrapper,io.cucumber.testng.FeatureWrapper)[pri:0, instance:parallel.ParallelTestRunner2@2d7275fc]" started-at="2025-04-07T17:51:27 IST" name="runScenario" description="Runs Cucumber Scenarios" data-provider="scenarios" finished-at="2025-04-07T17:52:31 IST" duration-ms="64462" status="FAIL">
          <params>
            <param index="0">
              <value>
                <![CDATA["Verify that "This is a required field." error message is displayed under all Mandatory fields provded user clicks on "Reset my password" button without entering any value in Mandatory field textbox."]]>
              </value>
            </param>
            <param index="1">
              <value>
                <![CDATA["Forgot Password"]]>
              </value>
            </param>
          </params>
          <exception class="org.openqa.selenium.NoSuchElementException">
            <message>
              <![CDATA[no such element: Unable to locate element: {"method":"xpath","selector":"//*[@id="email_address-error"]"}
  (Session info: MicrosoftEdge=135.0.3179.54)
For documentation on this error, please visit: https://www.selenium.dev/documentation/webdriver/troubleshooting/errors#no-such-element-exception
Build info: version: '4.19.1', revision: 'abe0ee07dc'
System info: os.name: 'Windows 11', os.arch: 'amd64', os.version: '10.0', java.version: '23.0.1'
Driver info: org.openqa.selenium.edge.EdgeDriver
Command: [dcf0e38f40127e8767c3351931565983, findElement {using=xpath, value=//*[@id="email_address-error"]}]
Capabilities {acceptInsecureCerts: false, browserName: MicrosoftEdge, browserVersion: 135.0.3179.54, fedcm:accounts: true, ms:edgeOptions: {debuggerAddress: localhost:61064}, msedge: {msedgedriverVersion: 135.0.3179.54 (c435295f8c13..., userDataDir: C:\Users\razda\AppData\Loca...}, networkConnectionEnabled: false, pageLoadStrategy: normal, platformName: windows, proxy: Proxy(), se:cdp: ws://localhost:61064/devtoo..., se:cdpVersion: 135.0.3179.54, setWindowRect: true, strictFileInteractability: false, timeouts: {implicit: 0, pageLoad: 300000, script: 30000}, unhandledPromptBehavior: dismiss and notify, webauthn:extension:credBlob: true, webauthn:extension:largeBlob: true, webauthn:extension:minPinLength: true, webauthn:extension:prf: true, webauthn:virtualAuthenticators: true}
Session ID: dcf0e38f40127e8767c3351931565983]]>
            </message>
            <full-stacktrace>
              <![CDATA[org.openqa.selenium.NoSuchElementException: no such element: Unable to locate element: {"method":"xpath","selector":"//*[@id="email_address-error"]"}
  (Session info: MicrosoftEdge=135.0.3179.54)
For documentation on this error, please visit: https://www.selenium.dev/documentation/webdriver/troubleshooting/errors#no-such-element-exception
Build info: version: '4.19.1', revision: 'abe0ee07dc'
System info: os.name: 'Windows 11', os.arch: 'amd64', os.version: '10.0', java.version: '23.0.1'
Driver info: org.openqa.selenium.edge.EdgeDriver
Command: [dcf0e38f40127e8767c3351931565983, findElement {using=xpath, value=//*[@id="email_address-error"]}]
Capabilities {acceptInsecureCerts: false, browserName: MicrosoftEdge, browserVersion: 135.0.3179.54, fedcm:accounts: true, ms:edgeOptions: {debuggerAddress: localhost:61064}, msedge: {msedgedriverVersion: 135.0.3179.54 (c435295f8c13..., userDataDir: C:\Users\razda\AppData\Loca...}, networkConnectionEnabled: false, pageLoadStrategy: normal, platformName: windows, proxy: Proxy(), se:cdp: ws://localhost:61064/devtoo..., se:cdpVersion: 135.0.3179.54, setWindowRect: true, strictFileInteractability: false, timeouts: {implicit: 0, pageLoad: 300000, script: 30000}, unhandledPromptBehavior: dismiss and notify, webauthn:extension:credBlob: true, webauthn:extension:largeBlob: true, webauthn:extension:minPinLength: true, webauthn:extension:prf: true, webauthn:virtualAuthenticators: true}
Session ID: dcf0e38f40127e8767c3351931565983
at java.base/jdk.internal.reflect.DirectConstructorHandleAccessor.newInstance(DirectConstructorHandleAccessor.java:62)
at java.base/java.lang.reflect.Constructor.newInstanceWithCaller(Constructor.java:501)
at java.base/java.lang.reflect.Constructor.newInstance(Constructor.java:485)
at org.openqa.selenium.remote.ErrorCodec.decode(ErrorCodec.java:167)
at org.openqa.selenium.remote.codec.w3c.W3CHttpResponseCodec.decode(W3CHttpResponseCodec.java:138)
at org.openqa.selenium.remote.codec.w3c.W3CHttpResponseCodec.decode(W3CHttpResponseCodec.java:50)
at org.openqa.selenium.remote.HttpCommandExecutor.execute(HttpCommandExecutor.java:190)
at org.openqa.selenium.remote.service.DriverCommandExecutor.invokeExecute(DriverCommandExecutor.java:216)
at org.openqa.selenium.remote.service.DriverCommandExecutor.execute(DriverCommandExecutor.java:174)
at org.openqa.selenium.remote.RemoteWebDriver.execute(RemoteWebDriver.java:518)
at org.openqa.selenium.remote.ElementLocation$ElementFinder$2.findElement(ElementLocation.java:165)
at org.openqa.selenium.remote.ElementLocation.findElement(ElementLocation.java:59)
at org.openqa.selenium.remote.RemoteWebDriver.findElement(RemoteWebDriver.java:355)
at org.openqa.selenium.remote.RemoteWebDriver.findElement(RemoteWebDriver.java:349)
at org.openqa.selenium.support.pagefactory.DefaultElementLocator.findElement(DefaultElementLocator.java:68)
at org.openqa.selenium.support.pagefactory.internal.LocatingElementHandler.invoke(LocatingElementHandler.java:38)
at jdk.proxy2/jdk.proxy2.$Proxy23.getText(Unknown Source)
at pages.ForgotPassword_Page.getEmailMandatoryMessage(ForgotPassword_Page.java:65)
at parallel.ForgotPassword_StepDefinitions.user_gets_error_email(ForgotPassword_StepDefinitions.java:40)
at ✽."This is a required field." is displayed under Email textbox(file:///C:/Users/razda/eclipse-workspace/Cucumber%20Projects-Final/PROJECT8/src/test/resources/parallel/ForgotPassword.feature:19)
]]>
            </full-stacktrace>
          </exception> <!-- org.openqa.selenium.NoSuchElementException -->
          <reporter-output>
          </reporter-output>
        </test-method> <!-- runScenario -->
        <test-method signature="runScenario(io.cucumber.testng.PickleWrapper,io.cucumber.testng.FeatureWrapper)[pri:0, instance:parallel.ParallelTestRunner2@2d7275fc]" started-at="2025-04-07T17:51:27 IST" name="runScenario" description="Runs Cucumber Scenarios" data-provider="scenarios" finished-at="2025-04-07T17:52:36 IST" duration-ms="68914" status="PASS">
          <params>
            <param index="0">
              <value>
                <![CDATA["Verify that "If there is an account associated with <entered email address> you will receive an email with a link to reset your password." message is displayed provided user enters valid email address in email address textbox followed by click on Rest my account button"]]>
              </value>
            </param>
            <param index="1">
              <value>
                <![CDATA["Forgot Password"]]>
              </value>
            </param>
          </params>
          <reporter-output>
          </reporter-output>
        </test-method> <!-- runScenario -->
        <test-method signature="runScenario(io.cucumber.testng.PickleWrapper,io.cucumber.testng.FeatureWrapper)[pri:0, instance:parallel.ParallelTestRunner2@2d7275fc]" started-at="2025-04-07T17:51:27 IST" name="runScenario" description="Runs Cucumber Scenarios" data-provider="scenarios" finished-at="2025-04-07T17:52:34 IST" duration-ms="67156" status="PASS">
          <params>
            <param index="0">
              <value>
                <![CDATA["Verify that "If there is an account associated with <entered email address> you will receive an email with a link to reset your password." message is displayed provided user enters valid email address in email address textbox followed by click on Rest my account button"]]>
              </value>
            </param>
            <param index="1">
              <value>
                <![CDATA["Forgot Password"]]>
              </value>
            </param>
          </params>
          <reporter-output>
          </reporter-output>
        </test-method> <!-- runScenario -->
        <test-method signature="runScenario(io.cucumber.testng.PickleWrapper,io.cucumber.testng.FeatureWrapper)[pri:0, instance:parallel.ParallelTestRunner2@2d7275fc]" started-at="2025-04-07T17:51:27 IST" name="runScenario" description="Runs Cucumber Scenarios" data-provider="scenarios" finished-at="2025-04-07T17:52:26 IST" duration-ms="59699" status="PASS">
          <params>
            <param index="0">
              <value>
                <![CDATA["Validate that Sign-In page title is "Customer Login""]]>
              </value>
            </param>
            <param index="1">
              <value>
                <![CDATA["SignIn"]]>
              </value>
            </param>
          </params>
          <reporter-output>
          </reporter-output>
        </test-method> <!-- runScenario -->
        <test-method signature="runScenario(io.cucumber.testng.PickleWrapper,io.cucumber.testng.FeatureWrapper)[pri:0, instance:parallel.ParallelTestRunner2@2d7275fc]" started-at="2025-04-07T17:51:27 IST" name="runScenario" description="Runs Cucumber Scenarios" data-provider="scenarios" finished-at="2025-04-07T17:52:30 IST" duration-ms="63597" status="PASS">
          <params>
            <param index="0">
              <value>
                <![CDATA["Verify that "Please enter a valid email address (Ex: johndoe@domain.com)." error message is displayed under Email textbox provided user enters Invalid email address in email textbox and clicks on Reset My Password button"]]>
              </value>
            </param>
            <param index="1">
              <value>
                <![CDATA["Forgot Password"]]>
              </value>
            </param>
          </params>
          <reporter-output>
          </reporter-output>
        </test-method> <!-- runScenario -->
        <test-method signature="runScenario(io.cucumber.testng.PickleWrapper,io.cucumber.testng.FeatureWrapper)[pri:0, instance:parallel.ParallelTestRunner2@2d7275fc]" started-at="2025-04-07T17:51:27 IST" name="runScenario" description="Runs Cucumber Scenarios" data-provider="scenarios" finished-at="2025-04-07T17:52:29 IST" duration-ms="62648" status="PASS">
          <params>
            <param index="0">
              <value>
                <![CDATA["Validate that Sign-In page form contains below elements:-"]]>
              </value>
            </param>
            <param index="1">
              <value>
                <![CDATA["SignIn"]]>
              </value>
            </param>
          </params>
          <reporter-output>
          </reporter-output>
        </test-method> <!-- runScenario -->
        <test-method signature="runScenario(io.cucumber.testng.PickleWrapper,io.cucumber.testng.FeatureWrapper)[pri:0, instance:parallel.ParallelTestRunner2@2d7275fc]" started-at="2025-04-07T17:51:27 IST" name="runScenario" description="Runs Cucumber Scenarios" data-provider="scenarios" finished-at="2025-04-07T17:52:34 IST" duration-ms="67263" status="PASS">
          <params>
            <param index="0">
              <value>
                <![CDATA["Validate that user logs in successfully using valid credentials"]]>
              </value>
            </param>
            <param index="1">
              <value>
                <![CDATA["SignIn"]]>
              </value>
            </param>
          </params>
          <reporter-output>
          </reporter-output>
        </test-method> <!-- runScenario -->
        <test-method signature="runScenario(io.cucumber.testng.PickleWrapper,io.cucumber.testng.FeatureWrapper)[pri:0, instance:parallel.ParallelTestRunner2@2d7275fc]" started-at="2025-04-07T17:52:26 IST" name="runScenario" description="Runs Cucumber Scenarios" data-provider="scenarios" finished-at="2025-04-07T17:53:04 IST" duration-ms="37516" status="PASS">
          <params>
            <param index="0">
              <value>
                <![CDATA["Validate that user logs in successfully using valid credentials"]]>
              </value>
            </param>
            <param index="1">
              <value>
                <![CDATA["SignIn"]]>
              </value>
            </param>
          </params>
          <reporter-output>
          </reporter-output>
        </test-method> <!-- runScenario -->
        <test-method signature="runScenario(io.cucumber.testng.PickleWrapper,io.cucumber.testng.FeatureWrapper)[pri:0, instance:parallel.ParallelTestRunner2@2d7275fc]" started-at="2025-04-07T17:52:27 IST" name="runScenario" description="Runs Cucumber Scenarios" data-provider="scenarios" finished-at="2025-04-07T17:52:47 IST" duration-ms="19235" status="PASS">
          <params>
            <param index="0">
              <value>
                <![CDATA["Validate that user is not able to login using invalid credentials"]]>
              </value>
            </param>
            <param index="1">
              <value>
                <![CDATA["SignIn"]]>
              </value>
            </param>
          </params>
          <reporter-output>
          </reporter-output>
        </test-method> <!-- runScenario -->
        <test-method signature="runScenario(io.cucumber.testng.PickleWrapper,io.cucumber.testng.FeatureWrapper)[pri:0, instance:parallel.ParallelTestRunner2@2d7275fc]" started-at="2025-04-07T17:52:29 IST" name="runScenario" description="Runs Cucumber Scenarios" data-provider="scenarios" finished-at="2025-04-07T17:52:47 IST" duration-ms="17189" status="PASS">
          <params>
            <param index="0">
              <value>
                <![CDATA["Validate that user is not able to login using invalid credentials"]]>
              </value>
            </param>
            <param index="1">
              <value>
                <![CDATA["SignIn"]]>
              </value>
            </param>
          </params>
          <reporter-output>
          </reporter-output>
        </test-method> <!-- runScenario -->
        <test-method is-config="true" signature="tearDownClass()[pri:0, instance:parallel.ParallelTestRunner2@2d7275fc]" started-at="2025-04-07T17:53:04 IST" name="tearDownClass" finished-at="2025-04-07T17:53:12 IST" duration-ms="7651" status="PASS">
          <reporter-output>
          </reporter-output>
        </test-method> <!-- tearDownClass -->
      </class> <!-- parallel.ParallelTestRunner2 -->
    </test> <!-- Surefire test -->
  </suite> <!-- Surefire suite -->
</testng-results>
